app/build/intermediates/manifest_merge_blame_file/debug/manifest-merger-blame-debug-report.txt
1<?xml version="1.0" encoding="utf-8"?>
2<manifest xmlns:android="http://schemas.android.com/apk/res/android"
3    package="com.example.chaconborja1eva"
4    android:versionCode="1"
5    android:versionName="1.0" >
6
7    <uses-sdk
8        android:minSdkVersion="21"
8-->src\main\AndroidManifest.xml
9        android:targetSdkVersion="32" />
9-->src\main\AndroidManifest.xml
10
11    <queries>
11-->src\main\AndroidManifest.xml:41:1-47:11
12        <intent>
12-->src\main\AndroidManifest.xml:42:5-46:14
13            <action android:name="android.intent.action.SENDTO" />
13-->src\main\AndroidManifest.xml:43:9-70
13-->src\main\AndroidManifest.xml:43:17-60
14
15            <data android:scheme="http" >
15-->src\main\AndroidManifest.xml:44:9-45
15-->src\main\AndroidManifest.xml:44:15-36
16            </data>
17        </intent>
18    </queries>
19
20    <uses-permission android:name="android.permission.INTERNET" />
20-->src\main\AndroidManifest.xml:48:5-67
20-->src\main\AndroidManifest.xml:48:22-64
21    <uses-permission android:name="android.permission.ACCESS_NETWORK_STATE" />
21-->src\main\AndroidManifest.xml:49:5-79
21-->src\main\AndroidManifest.xml:49:22-76
22    <uses-permission android:name="android.permission.CHANGE_NETWORK_STATE" />
22-->src\main\AndroidManifest.xml:50:5-79
22-->src\main\AndroidManifest.xml:50:22-76
23
24    <application
24-->src\main\AndroidManifest.xml:7:5-40:19
25        android:allowBackup="true"
25-->src\main\AndroidManifest.xml:8:9-35
26        android:appComponentFactory="androidx.core.app.CoreComponentFactory"
26-->[androidx.core:core:1.8.0] AndroidManifest.xml:24:18-86
27        android:dataExtractionRules="@xml/data_extraction_rules"
27-->src\main\AndroidManifest.xml:9:9-65
28        android:debuggable="true"
29        android:fullBackupContent="@xml/backup_rules"
29-->src\main\AndroidManifest.xml:10:9-54
30        android:icon="@mipmap/ic_launcher"
30-->src\main\AndroidManifest.xml:11:9-43
31        android:label="@string/app_name"
31-->src\main\AndroidManifest.xml:12:9-41
32        android:roundIcon="@mipmap/ic_launcher_round"
32-->src\main\AndroidManifest.xml:13:9-54
33        android:supportsRtl="true"
33-->src\main\AndroidManifest.xml:14:9-35
34        android:testOnly="true"
35        android:theme="@style/Theme.ChaconBorja1Eva" >
35-->src\main\AndroidManifest.xml:15:9-53
36        <activity
36-->src\main\AndroidManifest.xml:17:9-23:20
37            android:name="com.example.chaconborja1eva.Calculadora"
37-->src\main\AndroidManifest.xml:18:13-40
38            android:exported="false" >
38-->src\main\AndroidManifest.xml:19:13-37
39            <meta-data
39-->src\main\AndroidManifest.xml:20:13-22:36
40                android:name="android.app.lib_name"
40-->src\main\AndroidManifest.xml:21:17-52
41                android:value="" />
41-->src\main\AndroidManifest.xml:22:17-33
42        </activity>
43        <activity
43-->src\main\AndroidManifest.xml:24:9-30:20
44            android:name="com.example.chaconborja1eva.Contacto"
44-->src\main\AndroidManifest.xml:25:13-37
45            android:exported="false" >
45-->src\main\AndroidManifest.xml:26:13-37
46            <meta-data
46-->src\main\AndroidManifest.xml:20:13-22:36
47                android:name="android.app.lib_name"
47-->src\main\AndroidManifest.xml:21:17-52
48                android:value="" />
48-->src\main\AndroidManifest.xml:22:17-33
49        </activity>
50        <activity
50-->src\main\AndroidManifest.xml:32:9-38:20
51            android:name="com.example.chaconborja1eva.Principal"
51-->src\main\AndroidManifest.xml:32:19-44
52            android:exported="true" >
52-->src\main\AndroidManifest.xml:33:13-36
53            <intent-filter>
53-->src\main\AndroidManifest.xml:34:13-37:29
54                <action android:name="android.intent.action.MAIN" />
54-->src\main\AndroidManifest.xml:35:17-69
54-->src\main\AndroidManifest.xml:35:25-66
55
56                <category android:name="android.intent.category.LAUNCHER" />
56-->src\main\AndroidManifest.xml:36:17-77
56-->src\main\AndroidManifest.xml:36:27-74
57            </intent-filter>
58        </activity>
59
60        <provider
60-->[androidx.emoji2:emoji2:1.2.0] AndroidManifest.xml:24:9-32:20
61            android:name="androidx.startup.InitializationProvider"
61-->[androidx.emoji2:emoji2:1.2.0] AndroidManifest.xml:25:13-67
62            android:authorities="com.example.chaconborja1eva.androidx-startup"
62-->[androidx.emoji2:emoji2:1.2.0] AndroidManifest.xml:26:13-68
63            android:exported="false" >
63-->[androidx.emoji2:emoji2:1.2.0] AndroidManifest.xml:27:13-37
64            <meta-data
64-->[androidx.emoji2:emoji2:1.2.0] AndroidManifest.xml:29:13-31:52
65                android:name="androidx.emoji2.text.EmojiCompatInitializer"
65-->[androidx.emoji2:emoji2:1.2.0] AndroidManifest.xml:30:17-75
66                android:value="androidx.startup" />
66-->[androidx.emoji2:emoji2:1.2.0] AndroidManifest.xml:31:17-49
67            <meta-data
67-->[androidx.lifecycle:lifecycle-process:2.4.1] AndroidManifest.xml:31:13-33:52
68                android:name="androidx.lifecycle.ProcessLifecycleInitializer"
68-->[androidx.lifecycle:lifecycle-process:2.4.1] AndroidManifest.xml:32:17-78
69                android:value="androidx.startup" />
69-->[androidx.lifecycle:lifecycle-process:2.4.1] AndroidManifest.xml:33:17-49
70        </provider>
71    </application>
72
73</manifest>